<?xml version="1.0" encoding="UTF-8"?>
<testng-results skipped="0" failed="0" total="12" passed="12">
  <reporter-output>
  </reporter-output>
  <suite name="Default suite" duration-ms="31919" started-at="2013-04-10T07:03:19Z" finished-at="2013-04-10T07:03:51Z">
    <groups>
    </groups>
    <test name="Default test" duration-ms="31919" started-at="2013-04-10T07:03:19Z" finished-at="2013-04-10T07:03:51Z">
      <class name="by.hzv.s2.adapter.rest.RestAdapterTest">
        <test-method status="PASS" signature="springTestContextBeforeTestClass()[pri:0, instance:by.hzv.s2.adapter.rest.RestAdapterTest@3b9d0e89]" name="springTestContextBeforeTestClass" is-config="true" duration-ms="7" started-at="2013-04-10T11:03:19Z" finished-at="2013-04-10T11:03:19Z">
          <reporter-output>
          </reporter-output>
        </test-method> <!-- springTestContextBeforeTestClass -->
        <test-method status="PASS" signature="springTestContextPrepareTestInstance()[pri:0, instance:by.hzv.s2.adapter.rest.RestAdapterTest@3b9d0e89]" name="springTestContextPrepareTestInstance" is-config="true" duration-ms="2481" started-at="2013-04-10T11:03:19Z" depends-on-methods="org.springframework.test.context.testng.AbstractTestNGSpringContextTests.springTestContextBeforeTestClass" finished-at="2013-04-10T11:03:21Z">
          <reporter-output>
          </reporter-output>
        </test-method> <!-- springTestContextPrepareTestInstance -->
        <test-method status="PASS" signature="setupWebAppContext()[pri:0, instance:by.hzv.s2.adapter.rest.RestAdapterTest@3b9d0e89]" name="setupWebAppContext" is-config="true" duration-ms="142" started-at="2013-04-10T11:03:21Z" finished-at="2013-04-10T11:03:21Z">
          <reporter-output>
          </reporter-output>
        </test-method> <!-- setupWebAppContext -->
        <test-method status="PASS" signature="springTestContextBeforeTestMethod(java.lang.reflect.Method)[pri:0, instance:by.hzv.s2.adapter.rest.RestAdapterTest@3b9d0e89]" name="springTestContextBeforeTestMethod" is-config="true" duration-ms="1" started-at="2013-04-10T11:03:21Z" finished-at="2013-04-10T11:03:21Z">
          <params>
            <param index="0">
              <value>
                <![CDATA[public void by.hzv.s2.adapter.rest.RestAdapterTest.shouldCallRemoteProcedure() throws java.lang.Exception]]>
              </value>
            </param>
          </params>
          <reporter-output>
          </reporter-output>
        </test-method> <!-- springTestContextBeforeTestMethod -->
        <test-method status="PASS" signature="shouldCallRemoteProcedure()[pri:0, instance:by.hzv.s2.adapter.rest.RestAdapterTest@3b9d0e89]" name="shouldCallRemoteProcedure" duration-ms="29064" started-at="2013-04-10T11:03:21Z" finished-at="2013-04-10T11:03:50Z">
          <reporter-output>
          </reporter-output>
        </test-method> <!-- shouldCallRemoteProcedure -->
        <test-method status="PASS" signature="springTestContextAfterTestMethod(java.lang.reflect.Method)[pri:0, instance:by.hzv.s2.adapter.rest.RestAdapterTest@3b9d0e89]" name="springTestContextAfterTestMethod" is-config="true" duration-ms="2" started-at="2013-04-10T11:03:50Z" finished-at="2013-04-10T11:03:50Z">
          <params>
            <param index="0">
              <value>
                <![CDATA[public void by.hzv.s2.adapter.rest.RestAdapterTest.shouldCallRemoteProcedure() throws java.lang.Exception]]>
              </value>
            </param>
          </params>
          <reporter-output>
          </reporter-output>
        </test-method> <!-- springTestContextAfterTestMethod -->
        <test-method status="PASS" signature="springTestContextBeforeTestMethod(java.lang.reflect.Method)[pri:0, instance:by.hzv.s2.adapter.rest.RestAdapterTest@3b9d0e89]" name="springTestContextBeforeTestMethod" is-config="true" duration-ms="1" started-at="2013-04-10T11:03:50Z" finished-at="2013-04-10T11:03:50Z">
          <params>
            <param index="0">
              <value>
                <![CDATA[public void by.hzv.s2.adapter.rest.RestAdapterTest.shouldCreateFile() throws java.lang.Exception]]>
              </value>
            </param>
          </params>
          <reporter-output>
          </reporter-output>
        </test-method> <!-- springTestContextBeforeTestMethod -->
        <test-method status="PASS" signature="shouldCreateFile()[pri:0, instance:by.hzv.s2.adapter.rest.RestAdapterTest@3b9d0e89]" name="shouldCreateFile" duration-ms="43" started-at="2013-04-10T11:03:50Z" finished-at="2013-04-10T11:03:50Z">
          <reporter-output>
          </reporter-output>
        </test-method> <!-- shouldCreateFile -->
        <test-method status="PASS" signature="springTestContextAfterTestMethod(java.lang.reflect.Method)[pri:0, instance:by.hzv.s2.adapter.rest.RestAdapterTest@3b9d0e89]" name="springTestContextAfterTestMethod" is-config="true" duration-ms="1" started-at="2013-04-10T11:03:50Z" finished-at="2013-04-10T11:03:50Z">
          <params>
            <param index="0">
              <value>
                <![CDATA[public void by.hzv.s2.adapter.rest.RestAdapterTest.shouldCreateFile() throws java.lang.Exception]]>
              </value>
            </param>
          </params>
          <reporter-output>
          </reporter-output>
        </test-method> <!-- springTestContextAfterTestMethod -->
        <test-method status="PASS" signature="springTestContextBeforeTestMethod(java.lang.reflect.Method)[pri:0, instance:by.hzv.s2.adapter.rest.RestAdapterTest@3b9d0e89]" name="springTestContextBeforeTestMethod" is-config="true" duration-ms="0" started-at="2013-04-10T11:03:50Z" finished-at="2013-04-10T11:03:50Z">
          <params>
            <param index="0">
              <value>
                <![CDATA[public void by.hzv.s2.adapter.rest.RestAdapterTest.shouldDeleteFileByFId() throws java.lang.Exception]]>
              </value>
            </param>
          </params>
          <reporter-output>
          </reporter-output>
        </test-method> <!-- springTestContextBeforeTestMethod -->
        <test-method status="PASS" signature="shouldDeleteFileByFId()[pri:0, instance:by.hzv.s2.adapter.rest.RestAdapterTest@3b9d0e89]" name="shouldDeleteFileByFId" duration-ms="3" started-at="2013-04-10T11:03:50Z" finished-at="2013-04-10T11:03:50Z">
          <reporter-output>
          </reporter-output>
        </test-method> <!-- shouldDeleteFileByFId -->
        <test-method status="PASS" signature="springTestContextBeforeTestMethod(java.lang.reflect.Method)[pri:0, instance:by.hzv.s2.adapter.rest.RestAdapterTest@3b9d0e89]" name="springTestContextBeforeTestMethod" is-config="true" duration-ms="1" started-at="2013-04-10T11:03:50Z" finished-at="2013-04-10T11:03:50Z">
          <params>
            <param index="0">
              <value>
                <![CDATA[public void by.hzv.s2.adapter.rest.RestAdapterTest.shouldDeleteFileByPath() throws java.lang.Exception]]>
              </value>
            </param>
          </params>
          <reporter-output>
          </reporter-output>
        </test-method> <!-- springTestContextBeforeTestMethod -->
        <test-method status="PASS" signature="springTestContextAfterTestMethod(java.lang.reflect.Method)[pri:0, instance:by.hzv.s2.adapter.rest.RestAdapterTest@3b9d0e89]" name="springTestContextAfterTestMethod" is-config="true" duration-ms="0" started-at="2013-04-10T11:03:50Z" finished-at="2013-04-10T11:03:50Z">
          <params>
            <param index="0">
              <value>
                <![CDATA[public void by.hzv.s2.adapter.rest.RestAdapterTest.shouldDeleteFileByFId() throws java.lang.Exception]]>
              </value>
            </param>
          </params>
          <reporter-output>
          </reporter-output>
        </test-method> <!-- springTestContextAfterTestMethod -->
        <test-method status="PASS" signature="shouldDeleteFileByPath()[pri:0, instance:by.hzv.s2.adapter.rest.RestAdapterTest@3b9d0e89]" name="shouldDeleteFileByPath" duration-ms="9" started-at="2013-04-10T11:03:50Z" finished-at="2013-04-10T11:03:50Z">
          <reporter-output>
          </reporter-output>
        </test-method> <!-- shouldDeleteFileByPath -->
        <test-method status="PASS" signature="springTestContextBeforeTestMethod(java.lang.reflect.Method)[pri:0, instance:by.hzv.s2.adapter.rest.RestAdapterTest@3b9d0e89]" name="springTestContextBeforeTestMethod" is-config="true" duration-ms="1" started-at="2013-04-10T11:03:50Z" finished-at="2013-04-10T11:03:50Z">
          <params>
            <param index="0">
              <value>
                <![CDATA[public void by.hzv.s2.adapter.rest.RestAdapterTest.shouldDeleteFolderByFId() throws java.lang.Exception]]>
              </value>
            </param>
          </params>
          <reporter-output>
          </reporter-output>
        </test-method> <!-- springTestContextBeforeTestMethod -->
        <test-method status="PASS" signature="springTestContextAfterTestMethod(java.lang.reflect.Method)[pri:0, instance:by.hzv.s2.adapter.rest.RestAdapterTest@3b9d0e89]" name="springTestContextAfterTestMethod" is-config="true" duration-ms="0" started-at="2013-04-10T11:03:50Z" finished-at="2013-04-10T11:03:50Z">
          <params>
            <param index="0">
              <value>
                <![CDATA[public void by.hzv.s2.adapter.rest.RestAdapterTest.shouldDeleteFileByPath() throws java.lang.Exception]]>
              </value>
            </param>
          </params>
          <reporter-output>
          </reporter-output>
        </test-method> <!-- springTestContextAfterTestMethod -->
        <test-method status="PASS" signature="shouldDeleteFolderByFId()[pri:0, instance:by.hzv.s2.adapter.rest.RestAdapterTest@3b9d0e89]" name="shouldDeleteFolderByFId" duration-ms="2" started-at="2013-04-10T11:03:50Z" finished-at="2013-04-10T11:03:50Z">
          <reporter-output>
          </reporter-output>
        </test-method> <!-- shouldDeleteFolderByFId -->
        <test-method status="PASS" signature="shouldRedirectWhenContentStreamProxyReturnedByFid()[pri:0, instance:by.hzv.s2.adapter.rest.RestAdapterTest@3b9d0e89]" name="shouldRedirectWhenContentStreamProxyReturnedByFid" duration-ms="13" started-at="2013-04-10T11:03:50Z" finished-at="2013-04-10T11:03:50Z">
          <reporter-output>
          </reporter-output>
        </test-method> <!-- shouldRedirectWhenContentStreamProxyReturnedByFid -->
        <test-method status="PASS" signature="springTestContextBeforeTestMethod(java.lang.reflect.Method)[pri:0, instance:by.hzv.s2.adapter.rest.RestAdapterTest@3b9d0e89]" name="springTestContextBeforeTestMethod" is-config="true" duration-ms="0" started-at="2013-04-10T11:03:50Z" finished-at="2013-04-10T11:03:50Z">
          <params>
            <param index="0">
              <value>
                <![CDATA[public void by.hzv.s2.adapter.rest.RestAdapterTest.shouldRedirectWhenContentStreamProxyReturnedByFid() throws java.lang.Exception]]>
              </value>
            </param>
          </params>
          <reporter-output>
          </reporter-output>
        </test-method> <!-- springTestContextBeforeTestMethod -->
        <test-method status="PASS" signature="springTestContextAfterTestMethod(java.lang.reflect.Method)[pri:0, instance:by.hzv.s2.adapter.rest.RestAdapterTest@3b9d0e89]" name="springTestContextAfterTestMethod" is-config="true" duration-ms="0" started-at="2013-04-10T11:03:50Z" finished-at="2013-04-10T11:03:50Z">
          <params>
            <param index="0">
              <value>
                <![CDATA[public void by.hzv.s2.adapter.rest.RestAdapterTest.shouldDeleteFolderByFId() throws java.lang.Exception]]>
              </value>
            </param>
          </params>
          <reporter-output>
          </reporter-output>
        </test-method> <!-- springTestContextAfterTestMethod -->
        <test-method status="PASS" signature="springTestContextBeforeTestMethod(java.lang.reflect.Method)[pri:0, instance:by.hzv.s2.adapter.rest.RestAdapterTest@3b9d0e89]" name="springTestContextBeforeTestMethod" is-config="true" duration-ms="0" started-at="2013-04-10T11:03:50Z" finished-at="2013-04-10T11:03:50Z">
          <params>
            <param index="0">
              <value>
                <![CDATA[public void by.hzv.s2.adapter.rest.RestAdapterTest.shouldRedirectWhenContentStreamProxyReturnedByPath() throws java.lang.Exception]]>
              </value>
            </param>
          </params>
          <reporter-output>
          </reporter-output>
        </test-method> <!-- springTestContextBeforeTestMethod -->
        <test-method status="PASS" signature="shouldRedirectWhenContentStreamProxyReturnedByPath()[pri:0, instance:by.hzv.s2.adapter.rest.RestAdapterTest@3b9d0e89]" name="shouldRedirectWhenContentStreamProxyReturnedByPath" duration-ms="5" started-at="2013-04-10T11:03:50Z" finished-at="2013-04-10T11:03:50Z">
          <reporter-output>
          </reporter-output>
        </test-method> <!-- shouldRedirectWhenContentStreamProxyReturnedByPath -->
        <test-method status="PASS" signature="springTestContextAfterTestMethod(java.lang.reflect.Method)[pri:0, instance:by.hzv.s2.adapter.rest.RestAdapterTest@3b9d0e89]" name="springTestContextAfterTestMethod" is-config="true" duration-ms="0" started-at="2013-04-10T11:03:50Z" finished-at="2013-04-10T11:03:50Z">
          <params>
            <param index="0">
              <value>
                <![CDATA[public void by.hzv.s2.adapter.rest.RestAdapterTest.shouldRedirectWhenContentStreamProxyReturnedByFid() throws java.lang.Exception]]>
              </value>
            </param>
          </params>
          <reporter-output>
          </reporter-output>
        </test-method> <!-- springTestContextAfterTestMethod -->
        <test-method status="PASS" signature="springTestContextAfterTestMethod(java.lang.reflect.Method)[pri:0, instance:by.hzv.s2.adapter.rest.RestAdapterTest@3b9d0e89]" name="springTestContextAfterTestMethod" is-config="true" duration-ms="1" started-at="2013-04-10T11:03:50Z" finished-at="2013-04-10T11:03:50Z">
          <params>
            <param index="0">
              <value>
                <![CDATA[public void by.hzv.s2.adapter.rest.RestAdapterTest.shouldRedirectWhenContentStreamProxyReturnedByPath() throws java.lang.Exception]]>
              </value>
            </param>
          </params>
          <reporter-output>
          </reporter-output>
        </test-method> <!-- springTestContextAfterTestMethod -->
        <test-method status="PASS" signature="springTestContextBeforeTestMethod(java.lang.reflect.Method)[pri:0, instance:by.hzv.s2.adapter.rest.RestAdapterTest@3b9d0e89]" name="springTestContextBeforeTestMethod" is-config="true" duration-ms="0" started-at="2013-04-10T11:03:50Z" finished-at="2013-04-10T11:03:50Z">
          <params>
            <param index="0">
              <value>
                <![CDATA[public void by.hzv.s2.adapter.rest.RestAdapterTest.shouldReturnContentByFid() throws java.lang.Exception]]>
              </value>
            </param>
          </params>
          <reporter-output>
          </reporter-output>
        </test-method> <!-- springTestContextBeforeTestMethod -->
        <test-method status="PASS" signature="shouldReturnContentByFid()[pri:0, instance:by.hzv.s2.adapter.rest.RestAdapterTest@3b9d0e89]" name="shouldReturnContentByFid" duration-ms="28" started-at="2013-04-10T11:03:50Z" finished-at="2013-04-10T11:03:50Z">
          <reporter-output>
          </reporter-output>
        </test-method> <!-- shouldReturnContentByFid -->
        <test-method status="PASS" signature="springTestContextAfterTestMethod(java.lang.reflect.Method)[pri:0, instance:by.hzv.s2.adapter.rest.RestAdapterTest@3b9d0e89]" name="springTestContextAfterTestMethod" is-config="true" duration-ms="0" started-at="2013-04-10T11:03:50Z" finished-at="2013-04-10T11:03:50Z">
          <params>
            <param index="0">
              <value>
                <![CDATA[public void by.hzv.s2.adapter.rest.RestAdapterTest.shouldReturnContentByFid() throws java.lang.Exception]]>
              </value>
            </param>
          </params>
          <reporter-output>
          </reporter-output>
        </test-method> <!-- springTestContextAfterTestMethod -->
        <test-method status="PASS" signature="shouldReturnContentByPath()[pri:0, instance:by.hzv.s2.adapter.rest.RestAdapterTest@3b9d0e89]" name="shouldReturnContentByPath" duration-ms="3" started-at="2013-04-10T11:03:50Z" finished-at="2013-04-10T11:03:50Z">
          <reporter-output>
          </reporter-output>
        </test-method> <!-- shouldReturnContentByPath -->
        <test-method status="PASS" signature="springTestContextBeforeTestMethod(java.lang.reflect.Method)[pri:0, instance:by.hzv.s2.adapter.rest.RestAdapterTest@3b9d0e89]" name="springTestContextBeforeTestMethod" is-config="true" duration-ms="0" started-at="2013-04-10T11:03:50Z" finished-at="2013-04-10T11:03:50Z">
          <params>
            <param index="0">
              <value>
                <![CDATA[public void by.hzv.s2.adapter.rest.RestAdapterTest.shouldReturnContentByPath() throws java.lang.Exception]]>
              </value>
            </param>
          </params>
          <reporter-output>
          </reporter-output>
        </test-method> <!-- springTestContextBeforeTestMethod -->
        <test-method status="PASS" signature="springTestContextAfterTestMethod(java.lang.reflect.Method)[pri:0, instance:by.hzv.s2.adapter.rest.RestAdapterTest@3b9d0e89]" name="springTestContextAfterTestMethod" is-config="true" duration-ms="0" started-at="2013-04-10T11:03:50Z" finished-at="2013-04-10T11:03:50Z">
          <params>
            <param index="0">
              <value>
                <![CDATA[public void by.hzv.s2.adapter.rest.RestAdapterTest.shouldReturnContentByPath() throws java.lang.Exception]]>
              </value>
            </param>
          </params>
          <reporter-output>
          </reporter-output>
        </test-method> <!-- springTestContextAfterTestMethod -->
        <test-method status="PASS" signature="springTestContextBeforeTestMethod(java.lang.reflect.Method)[pri:0, instance:by.hzv.s2.adapter.rest.RestAdapterTest@3b9d0e89]" name="springTestContextBeforeTestMethod" is-config="true" duration-ms="1" started-at="2013-04-10T11:03:50Z" finished-at="2013-04-10T11:03:50Z">
          <params>
            <param index="0">
              <value>
                <![CDATA[public void by.hzv.s2.adapter.rest.RestAdapterTest.shouldReturnFidForPath() throws java.lang.Exception]]>
              </value>
            </param>
          </params>
          <reporter-output>
          </reporter-output>
        </test-method> <!-- springTestContextBeforeTestMethod -->
        <test-method status="PASS" signature="shouldReturnFidForPath()[pri:0, instance:by.hzv.s2.adapter.rest.RestAdapterTest@3b9d0e89]" name="shouldReturnFidForPath" duration-ms="4" started-at="2013-04-10T11:03:50Z" finished-at="2013-04-10T11:03:50Z">
          <reporter-output>
          </reporter-output>
        </test-method> <!-- shouldReturnFidForPath -->
        <test-method status="PASS" signature="springTestContextBeforeTestMethod(java.lang.reflect.Method)[pri:0, instance:by.hzv.s2.adapter.rest.RestAdapterTest@3b9d0e89]" name="springTestContextBeforeTestMethod" is-config="true" duration-ms="1" started-at="2013-04-10T11:03:50Z" finished-at="2013-04-10T11:03:50Z">
          <params>
            <param index="0">
              <value>
                <![CDATA[public void by.hzv.s2.adapter.rest.RestAdapterTest.shouldReturnListOfFilesMetadata() throws java.lang.Exception]]>
              </value>
            </param>
          </params>
          <reporter-output>
          </reporter-output>
        </test-method> <!-- springTestContextBeforeTestMethod -->
        <test-method status="PASS" signature="springTestContextAfterTestMethod(java.lang.reflect.Method)[pri:0, instance:by.hzv.s2.adapter.rest.RestAdapterTest@3b9d0e89]" name="springTestContextAfterTestMethod" is-config="true" duration-ms="0" started-at="2013-04-10T11:03:50Z" finished-at="2013-04-10T11:03:50Z">
          <params>
            <param index="0">
              <value>
                <![CDATA[public void by.hzv.s2.adapter.rest.RestAdapterTest.shouldReturnFidForPath() throws java.lang.Exception]]>
              </value>
            </param>
          </params>
          <reporter-output>
          </reporter-output>
        </test-method> <!-- springTestContextAfterTestMethod -->
        <test-method status="PASS" signature="shouldReturnListOfFilesMetadata()[pri:0, instance:by.hzv.s2.adapter.rest.RestAdapterTest@3b9d0e89]" name="shouldReturnListOfFilesMetadata" duration-ms="78" started-at="2013-04-10T11:03:50Z" finished-at="2013-04-10T11:03:51Z">
          <reporter-output>
          </reporter-output>
        </test-method> <!-- shouldReturnListOfFilesMetadata -->
        <test-method status="PASS" signature="springTestContextAfterTestMethod(java.lang.reflect.Method)[pri:0, instance:by.hzv.s2.adapter.rest.RestAdapterTest@3b9d0e89]" name="springTestContextAfterTestMethod" is-config="true" duration-ms="0" started-at="2013-04-10T11:03:51Z" finished-at="2013-04-10T11:03:51Z">
          <params>
            <param index="0">
              <value>
                <![CDATA[public void by.hzv.s2.adapter.rest.RestAdapterTest.shouldReturnListOfFilesMetadata() throws java.lang.Exception]]>
              </value>
            </param>
          </params>
          <reporter-output>
          </reporter-output>
        </test-method> <!-- springTestContextAfterTestMethod -->
        <test-method status="PASS" signature="shouldReturnPathForFid()[pri:0, instance:by.hzv.s2.adapter.rest.RestAdapterTest@3b9d0e89]" name="shouldReturnPathForFid" duration-ms="3" started-at="2013-04-10T11:03:51Z" finished-at="2013-04-10T11:03:51Z">
          <reporter-output>
          </reporter-output>
        </test-method> <!-- shouldReturnPathForFid -->
        <test-method status="PASS" signature="springTestContextBeforeTestMethod(java.lang.reflect.Method)[pri:0, instance:by.hzv.s2.adapter.rest.RestAdapterTest@3b9d0e89]" name="springTestContextBeforeTestMethod" is-config="true" duration-ms="0" started-at="2013-04-10T11:03:51Z" finished-at="2013-04-10T11:03:51Z">
          <params>
            <param index="0">
              <value>
                <![CDATA[public void by.hzv.s2.adapter.rest.RestAdapterTest.shouldReturnPathForFid() throws java.lang.Exception]]>
              </value>
            </param>
          </params>
          <reporter-output>
          </reporter-output>
        </test-method> <!-- springTestContextBeforeTestMethod -->
        <test-method status="PASS" signature="springTestContextAfterTestClass()[pri:0, instance:by.hzv.s2.adapter.rest.RestAdapterTest@3b9d0e89]" name="springTestContextAfterTestClass" is-config="true" duration-ms="0" started-at="2013-04-10T11:03:51Z" finished-at="2013-04-10T11:03:51Z">
          <reporter-output>
          </reporter-output>
        </test-method> <!-- springTestContextAfterTestClass -->
        <test-method status="PASS" signature="springTestContextAfterTestMethod(java.lang.reflect.Method)[pri:0, instance:by.hzv.s2.adapter.rest.RestAdapterTest@3b9d0e89]" name="springTestContextAfterTestMethod" is-config="true" duration-ms="0" started-at="2013-04-10T11:03:51Z" finished-at="2013-04-10T11:03:51Z">
          <params>
            <param index="0">
              <value>
                <![CDATA[public void by.hzv.s2.adapter.rest.RestAdapterTest.shouldReturnPathForFid() throws java.lang.Exception]]>
              </value>
            </param>
          </params>
          <reporter-output>
          </reporter-output>
        </test-method> <!-- springTestContextAfterTestMethod -->
      </class> <!-- by.hzv.s2.adapter.rest.RestAdapterTest -->
    </test> <!-- Default test -->
  </suite> <!-- Default suite -->
</testng-results>
