<?xml version="1.0" encoding="UTF-8"?>
<!-- Generated by org.testng.reporters.JUnitXMLReporter -->
<testsuite hostname="ZMOSDI002" name="Default test" tests="13" failures="0" timestamp="3 Apr 2013 14:09:11 GMT" time="0.527" errors="0">
  <testcase name="getContentStreamByPath" time="0.135" classname="by.hzv.s2.client.rest.S2RestClientTest"/>
  <testcase name="getFid" time="0.048" classname="by.hzv.s2.client.rest.S2RestClientTest"/>
  <testcase name="getPath" time="0.003" classname="by.hzv.s2.client.rest.S2RestClientTest"/>
  <testcase name="rpc" time="0.028" classname="by.hzv.s2.client.rest.S2RestClientTest"/>
  <testcase name="rpc" time="0.002" classname="by.hzv.s2.client.rest.S2RestClientTest"/>
  <testcase name="rpc" time="0.001" classname="by.hzv.s2.client.rest.S2RestClientTest"/>
  <testcase name="shouldCreateFile" time="0.065" classname="by.hzv.s2.client.rest.S2RestClientTest"/>
  <testcase name="shouldDeleteFileByFid" time="0.003" classname="by.hzv.s2.client.rest.S2RestClientTest"/>
  <testcase name="shouldDeleteFileByPath" time="0.002" classname="by.hzv.s2.client.rest.S2RestClientTest"/>
  <testcase name="shouldDeleteFolder" time="0.001" classname="by.hzv.s2.client.rest.S2RestClientTest"/>
  <testcase name="shouldNormalizeBaseUrlOnInit" time="0.005" classname="by.hzv.s2.client.rest.S2RestClientTest"/>
  <testcase name="shouldReturnContentByFid" time="0.002" classname="by.hzv.s2.client.rest.S2RestClientTest"/>
  <testcase name="shouldReturnFileInfoList" time="0.087" classname="by.hzv.s2.client.rest.S2RestClientTest"/>
</testsuite> <!-- Default test -->
