<?xml version="1.0" encoding="UTF-8"?>
<!-- Generated by org.testng.reporters.JUnitXMLReporter -->
<testsuite hostname="ZMOSDI002" name="Default test" tests="4" failures="1" timestamp="3 Apr 2013 11:36:06 GMT" time="30.669" errors="0">
  <testcase name="filenameShouldBeProvided" time="0.063" classname="by.hzv.s2.client.rest.S2StreamResourceTest"/>
  <testcase name="inputStreamShouldBeProvided" time="0.001" classname="by.hzv.s2.client.rest.S2StreamResourceTest"/>
  <testcase name="shouldReturnContentLength" time="0.105" classname="by.hzv.s2.client.rest.S2StreamResourceTest"/>
  <testcase name="shouldReturnFilename" time="30.468" classname="by.hzv.s2.client.rest.S2StreamResourceTest">
    <failure type="java.lang.AssertionError" message="expecting actual value not to be null">
      <![CDATA[java.lang.AssertionError: expecting actual value not to be null
	at org.fest.assertions.Fail.failure(Fail.java:228)
	at org.fest.assertions.Fail.fail(Fail.java:167)
	at org.fest.assertions.Fail.failIfActualIsNull(Fail.java:100)
	at org.fest.assertions.GenericAssert.isNotNull(GenericAssert.java:238)
	at org.fest.assertions.GenericAssert$isNotNull.call(Unknown Source)
	at org.codehaus.groovy.runtime.callsite.CallSiteArray.defaultCall(CallSiteArray.java:45)
	at org.codehaus.groovy.runtime.callsite.AbstractCallSite.call(AbstractCallSite.java:108)
	at org.codehaus.groovy.runtime.callsite.AbstractCallSite.call(AbstractCallSite.java:112)
	at by.hzv.s2.client.rest.S2StreamResourceTest.shouldReturnFilename(S2StreamResourceTest.groovy:44)
	at sun.reflect.NativeMethodAccessorImpl.invoke0(Native Method)
	at sun.reflect.NativeMethodAccessorImpl.invoke(Unknown Source)
	at sun.reflect.DelegatingMethodAccessorImpl.invoke(Unknown Source)
	at java.lang.reflect.Method.invoke(Unknown Source)
	at org.testng.internal.MethodInvocationHelper.invokeMethod(MethodInvocationHelper.java:84)
	at org.testng.internal.Invoker.invokeMethod(Invoker.java:714)
	at org.testng.internal.Invoker.invokeTestMethod(Invoker.java:901)
	at org.testng.internal.Invoker.invokeTestMethods(Invoker.java:1231)
	at org.testng.internal.TestMethodWorker.invokeTestMethods(TestMethodWorker.java:127)
	at org.testng.internal.TestMethodWorker.run(TestMethodWorker.java:111)
	at org.testng.TestRunner.privateRun(TestRunner.java:767)
	at org.testng.TestRunner.run(TestRunner.java:617)
	at org.testng.SuiteRunner.runTest(SuiteRunner.java:334)
	at org.testng.SuiteRunner.runSequentially(SuiteRunner.java:329)
	at org.testng.SuiteRunner.privateRun(SuiteRunner.java:291)
	at org.testng.SuiteRunner.run(SuiteRunner.java:240)
	at org.testng.SuiteRunnerWorker.runSuite(SuiteRunnerWorker.java:52)
	at org.testng.SuiteRunnerWorker.run(SuiteRunnerWorker.java:86)
	at org.testng.TestNG.runSuitesSequentially(TestNG.java:1224)
	at org.testng.TestNG.runSuitesLocally(TestNG.java:1149)
	at org.testng.TestNG.run(TestNG.java:1057)
	at org.testng.remote.RemoteTestNG.run(RemoteTestNG.java:111)
	at org.testng.remote.RemoteTestNG.initAndRun(RemoteTestNG.java:204)
	at org.testng.remote.RemoteTestNG.main(RemoteTestNG.java:175)
]]>
    </failure>
  </testcase> <!-- shouldReturnFilename -->
</testsuite> <!-- Default test -->
