<?xml version="1.0" encoding="UTF-8"?>
<!-- Generated by org.testng.reporters.JUnitXMLReporter -->
<testsuite hostname="ZMOSDI002" name="Default test" tests="12" failures="0" timestamp="10 Apr 2013 07:03:51 GMT" time="31.919" errors="0">
  <testcase name="shouldCallRemoteProcedure" time="29.064" classname="by.hzv.s2.adapter.rest.RestAdapterTest"/>
  <testcase name="shouldCreateFile" time="0.043" classname="by.hzv.s2.adapter.rest.RestAdapterTest"/>
  <testcase name="shouldDeleteFileByFId" time="0.003" classname="by.hzv.s2.adapter.rest.RestAdapterTest"/>
  <testcase name="shouldDeleteFileByPath" time="0.009" classname="by.hzv.s2.adapter.rest.RestAdapterTest"/>
  <testcase name="shouldDeleteFolderByFId" time="0.002" classname="by.hzv.s2.adapter.rest.RestAdapterTest"/>
  <testcase name="shouldRedirectWhenContentStreamProxyReturnedByFid" time="0.013" classname="by.hzv.s2.adapter.rest.RestAdapterTest"/>
  <testcase name="shouldRedirectWhenContentStreamProxyReturnedByPath" time="0.005" classname="by.hzv.s2.adapter.rest.RestAdapterTest"/>
  <testcase name="shouldReturnContentByFid" time="0.028" classname="by.hzv.s2.adapter.rest.RestAdapterTest"/>
  <testcase name="shouldReturnContentByPath" time="0.003" classname="by.hzv.s2.adapter.rest.RestAdapterTest"/>
  <testcase name="shouldReturnFidForPath" time="0.004" classname="by.hzv.s2.adapter.rest.RestAdapterTest"/>
  <testcase name="shouldReturnListOfFilesMetadata" time="0.078" classname="by.hzv.s2.adapter.rest.RestAdapterTest"/>
  <testcase name="shouldReturnPathForFid" time="0.003" classname="by.hzv.s2.adapter.rest.RestAdapterTest"/>
</testsuite> <!-- Default test -->
